[2024-12-02 11:25:16] local.ERROR: Route [dashboard.index] not defined. (View: /home/azrayaal/Desktop/codes/digikom/be/resources/views/components/sidebar.blade.php) (View: /home/azrayaal/Desktop/codes/digikom/be/resources/views/components/sidebar.blade.php) {"userId":1,"exception":"[object] (Illuminate\\View\\ViewException(code: 0): Route [dashboard.index] not defined. (View: /home/azrayaal/Desktop/codes/digikom/be/resources/views/components/sidebar.blade.php) (View: /home/azrayaal/Desktop/codes/digikom/be/resources/views/components/sidebar.blade.php) at /home/azrayaal/Desktop/codes/digikom/be/vendor/laravel/framework/src/Illuminate/Routing/UrlGenerator.php:516)
[stacktrace]
#0 /home/azrayaal/Desktop/codes/digikom/be/vendor/laravel/framework/src/Illuminate/View/Engines/PhpEngine.php(60): Illuminate\\View\\Engines\\CompilerEngine->handleViewException()
#1 /home/azrayaal/Desktop/codes/digikom/be/vendor/laravel/framework/src/Illuminate/View/Engines/CompilerEngine.php(74): Illuminate\\View\\Engines\\PhpEngine->evaluatePath()
#2 /home/azrayaal/Desktop/codes/digikom/be/vendor/laravel/framework/src/Illuminate/View/View.php(209): Illuminate\\View\\Engines\\CompilerEngine->get()
#3 /home/azrayaal/Desktop/codes/digikom/be/vendor/laravel/framework/src/Illuminate/View/View.php(192): Illuminate\\View\\View->getContents()
#4 /home/azrayaal/Desktop/codes/digikom/be/vendor/laravel/framework/src/Illuminate/View/View.php(161): Illuminate\\View\\View->renderContents()
#5 /home/azrayaal/Desktop/codes/digikom/be/vendor/laravel/framework/src/Illuminate/Http/Response.php(70): Illuminate\\View\\View->render()
#6 /home/azrayaal/Desktop/codes/digikom/be/vendor/laravel/framework/src/Illuminate/Http/Response.php(35): Illuminate\\Http\\Response->setContent()
#7 /home/azrayaal/Desktop/codes/digikom/be/vendor/laravel/framework/src/Illuminate/Routing/Router.php(920): Illuminate\\Http\\Response->__construct()
#8 /home/azrayaal/Desktop/codes/digikom/be/vendor/laravel/framework/src/Illuminate/Routing/Router.php(887): Illuminate\\Routing\\Router::toResponse()
#9 /home/azrayaal/Desktop/codes/digikom/be/vendor/laravel/framework/src/Illuminate/Routing/Router.php(807): Illuminate\\Routing\\Router->prepareResponse()
#10 /home/azrayaal/Desktop/codes/digikom/be/vendor/laravel/framework/src/Illuminate/Pipeline/Pipeline.php(144): Illuminate\\Routing\\Router->Illuminate\\Routing\\{closure}()
#11 /home/azrayaal/Desktop/codes/digikom/be/vendor/laravel/framework/src/Illuminate/Routing/Middleware/SubstituteBindings.php(51): Illuminate\\Pipeline\\Pipeline->Illuminate\\Pipeline\\{closure}()
#12 /home/azrayaal/Desktop/codes/digikom/be/vendor/laravel/framework/src/Illuminate/Pipeline/Pipeline.php(183): Illuminate\\Routing\\Middleware\\SubstituteBindings->handle()
#13 /home/azrayaal/Desktop/codes/digikom/be/vendor/laravel/framework/src/Illuminate/Auth/Middleware/Authenticate.php(64): Illuminate\\Pipeline\\Pipeline->Illuminate\\Pipeline\\{closure}()
#14 /home/azrayaal/Desktop/codes/digikom/be/vendor/laravel/framework/src/Illuminate/Pipeline/Pipeline.php(183): Illuminate\\Auth\\Middleware\\Authenticate->handle()
#15 /home/azrayaal/Desktop/codes/digikom/be/vendor/laravel/framework/src/Illuminate/Foundation/Http/Middleware/VerifyCsrfToken.php(88): Illuminate\\Pipeline\\Pipeline->Illuminate\\Pipeline\\{closure}()
#16 /home/azrayaal/Desktop/codes/digikom/be/vendor/laravel/framework/src/Illuminate/Pipeline/Pipeline.php(183): Illuminate\\Foundation\\Http\\Middleware\\VerifyCsrfToken->handle()
#17 /home/azrayaal/Desktop/codes/digikom/be/vendor/laravel/framework/src/Illuminate/View/Middleware/ShareErrorsFromSession.php(49): Illuminate\\Pipeline\\Pipeline->Illuminate\\Pipeline\\{closure}()
#18 /home/azrayaal/Desktop/codes/digikom/be/vendor/laravel/framework/src/Illuminate/Pipeline/Pipeline.php(183): Illuminate\\View\\Middleware\\ShareErrorsFromSession->handle()
#19 /home/azrayaal/Desktop/codes/digikom/be/vendor/laravel/framework/src/Illuminate/Session/Middleware/StartSession.php(121): Illuminate\\Pipeline\\Pipeline->Illuminate\\Pipeline\\{closure}()
#20 /home/azrayaal/Desktop/codes/digikom/be/vendor/laravel/framework/src/Illuminate/Session/Middleware/StartSession.php(64): Illuminate\\Session\\Middleware\\StartSession->handleStatefulRequest()
#21 /home/azrayaal/Desktop/codes/digikom/be/vendor/laravel/framework/src/Illuminate/Pipeline/Pipeline.php(183): Illuminate\\Session\\Middleware\\StartSession->handle()
#22 /home/azrayaal/Desktop/codes/digikom/be/vendor/laravel/framework/src/Illuminate/Cookie/Middleware/AddQueuedCookiesToResponse.php(37): Illuminate\\Pipeline\\Pipeline->Illuminate\\Pipeline\\{closure}()
#23 /home/azrayaal/Desktop/codes/digikom/be/vendor/laravel/framework/src/Illuminate/Pipeline/Pipeline.php(183): Illuminate\\Cookie\\Middleware\\AddQueuedCookiesToResponse->handle()
#24 /home/azrayaal/Desktop/codes/digikom/be/vendor/laravel/framework/src/Illuminate/Cookie/Middleware/EncryptCookies.php(75): Illuminate\\Pipeline\\Pipeline->Illuminate\\Pipeline\\{closure}()
#25 /home/azrayaal/Desktop/codes/digikom/be/vendor/laravel/framework/src/Illuminate/Pipeline/Pipeline.php(183): Illuminate\\Cookie\\Middleware\\EncryptCookies->handle()
#26 /home/azrayaal/Desktop/codes/digikom/be/vendor/laravel/framework/src/Illuminate/Pipeline/Pipeline.php(119): Illuminate\\Pipeline\\Pipeline->Illuminate\\Pipeline\\{closure}()
#27 /home/azrayaal/Desktop/codes/digikom/be/vendor/laravel/framework/src/Illuminate/Routing/Router.php(807): Illuminate\\Pipeline\\Pipeline->then()
#28 /home/azrayaal/Desktop/codes/digikom/be/vendor/laravel/framework/src/Illuminate/Routing/Router.php(786): Illuminate\\Routing\\Router->runRouteWithinStack()
#29 /home/azrayaal/Desktop/codes/digikom/be/vendor/laravel/framework/src/Illuminate/Routing/Router.php(750): Illuminate\\Routing\\Router->runRoute()
#30 /home/azrayaal/Desktop/codes/digikom/be/vendor/laravel/framework/src/Illuminate/Routing/Router.php(739): Illuminate\\Routing\\Router->dispatchToRoute()
#31 /home/azrayaal/Desktop/codes/digikom/be/vendor/laravel/framework/src/Illuminate/Foundation/Http/Kernel.php(201): Illuminate\\Routing\\Router->dispatch()
#32 /home/azrayaal/Desktop/codes/digikom/be/vendor/laravel/framework/src/Illuminate/Pipeline/Pipeline.php(144): Illuminate\\Foundation\\Http\\Kernel->Illuminate\\Foundation\\Http\\{closure}()
#33 /home/azrayaal/Desktop/codes/digikom/be/vendor/laravel/framework/src/Illuminate/Foundation/Http/Middleware/TransformsRequest.php(21): Illuminate\\Pipeline\\Pipeline->Illuminate\\Pipeline\\{closure}()
#34 /home/azrayaal/Desktop/codes/digikom/be/vendor/laravel/framework/src/Illuminate/Foundation/Http/Middleware/ConvertEmptyStringsToNull.php(31): Illuminate\\Foundation\\Http\\Middleware\\TransformsRequest->handle()
#35 /home/azrayaal/Desktop/codes/digikom/be/vendor/laravel/framework/src/Illuminate/Pipeline/Pipeline.php(183): Illuminate\\Foundation\\Http\\Middleware\\ConvertEmptyStringsToNull->handle()
#36 /home/azrayaal/Desktop/codes/digikom/be/vendor/laravel/framework/src/Illuminate/Foundation/Http/Middleware/TransformsRequest.php(21): Illuminate\\Pipeline\\Pipeline->Illuminate\\Pipeline\\{closure}()
#37 /home/azrayaal/Desktop/codes/digikom/be/vendor/laravel/framework/src/Illuminate/Foundation/Http/Middleware/TrimStrings.php(51): Illuminate\\Foundation\\Http\\Middleware\\TransformsRequest->handle()
#38 /home/azrayaal/Desktop/codes/digikom/be/vendor/laravel/framework/src/Illuminate/Pipeline/Pipeline.php(183): Illuminate\\Foundation\\Http\\Middleware\\TrimStrings->handle()
#39 /home/azrayaal/Desktop/codes/digikom/be/vendor/laravel/framework/src/Illuminate/Http/Middleware/ValidatePostSize.php(27): Illuminate\\Pipeline\\Pipeline->Illuminate\\Pipeline\\{closure}()
#40 /home/azrayaal/Desktop/codes/digikom/be/vendor/laravel/framework/src/Illuminate/Pipeline/Pipeline.php(183): Illuminate\\Http\\Middleware\\ValidatePostSize->handle()
#41 /home/azrayaal/Desktop/codes/digikom/be/vendor/laravel/framework/src/Illuminate/Foundation/Http/Middleware/PreventRequestsDuringMaintenance.php(110): Illuminate\\Pipeline\\Pipeline->Illuminate\\Pipeline\\{closure}()
#42 /home/azrayaal/Desktop/codes/digikom/be/vendor/laravel/framework/src/Illuminate/Pipeline/Pipeline.php(183): Illuminate\\Foundation\\Http\\Middleware\\PreventRequestsDuringMaintenance->handle()
#43 /home/azrayaal/Desktop/codes/digikom/be/vendor/laravel/framework/src/Illuminate/Http/Middleware/HandleCors.php(49): Illuminate\\Pipeline\\Pipeline->Illuminate\\Pipeline\\{closure}()
#44 /home/azrayaal/Desktop/codes/digikom/be/vendor/laravel/framework/src/Illuminate/Pipeline/Pipeline.php(183): Illuminate\\Http\\Middleware\\HandleCors->handle()
#45 /home/azrayaal/Desktop/codes/digikom/be/vendor/laravel/framework/src/Illuminate/Http/Middleware/TrustProxies.php(58): Illuminate\\Pipeline\\Pipeline->Illuminate\\Pipeline\\{closure}()
#46 /home/azrayaal/Desktop/codes/digikom/be/vendor/laravel/framework/src/Illuminate/Pipeline/Pipeline.php(183): Illuminate\\Http\\Middleware\\TrustProxies->handle()
#47 /home/azrayaal/Desktop/codes/digikom/be/vendor/laravel/framework/src/Illuminate/Foundation/Http/Middleware/InvokeDeferredCallbacks.php(22): Illuminate\\Pipeline\\Pipeline->Illuminate\\Pipeline\\{closure}()
#48 /home/azrayaal/Desktop/codes/digikom/be/vendor/laravel/framework/src/Illuminate/Pipeline/Pipeline.php(183): Illuminate\\Foundation\\Http\\Middleware\\InvokeDeferredCallbacks->handle()
#49 /home/azrayaal/Desktop/codes/digikom/be/vendor/laravel/framework/src/Illuminate/Pipeline/Pipeline.php(119): Illuminate\\Pipeline\\Pipeline->Illuminate\\Pipeline\\{closure}()
#50 /home/azrayaal/Desktop/codes/digikom/be/vendor/laravel/framework/src/Illuminate/Foundation/Http/Kernel.php(176): Illuminate\\Pipeline\\Pipeline->then()
#51 /home/azrayaal/Desktop/codes/digikom/be/vendor/laravel/framework/src/Illuminate/Foundation/Http/Kernel.php(145): Illuminate\\Foundation\\Http\\Kernel->sendRequestThroughRouter()
#52 /home/azrayaal/Desktop/codes/digikom/be/vendor/laravel/framework/src/Illuminate/Foundation/Application.php(1190): Illuminate\\Foundation\\Http\\Kernel->handle()
#53 /home/azrayaal/Desktop/codes/digikom/be/public/index.php(17): Illuminate\\Foundation\\Application->handleRequest()
#54 /home/azrayaal/Desktop/codes/digikom/be/vendor/laravel/framework/src/Illuminate/Foundation/resources/server.php(23): require_once('...')
#55 {main}

[previous exception] [object] (Illuminate\\View\\ViewException(code: 0): Route [dashboard.index] not defined. (View: /home/azrayaal/Desktop/codes/digikom/be/resources/views/components/sidebar.blade.php) at /home/azrayaal/Desktop/codes/digikom/be/vendor/laravel/framework/src/Illuminate/Routing/UrlGenerator.php:516)
[stacktrace]
#0 /home/azrayaal/Desktop/codes/digikom/be/vendor/laravel/framework/src/Illuminate/View/Engines/PhpEngine.php(60): Illuminate\\View\\Engines\\CompilerEngine->handleViewException()
#1 /home/azrayaal/Desktop/codes/digikom/be/vendor/laravel/framework/src/Illuminate/View/Engines/CompilerEngine.php(74): Illuminate\\View\\Engines\\PhpEngine->evaluatePath()
#2 /home/azrayaal/Desktop/codes/digikom/be/vendor/laravel/framework/src/Illuminate/View/View.php(209): Illuminate\\View\\Engines\\CompilerEngine->get()
#3 /home/azrayaal/Desktop/codes/digikom/be/vendor/laravel/framework/src/Illuminate/View/View.php(192): Illuminate\\View\\View->getContents()
#4 /home/azrayaal/Desktop/codes/digikom/be/vendor/laravel/framework/src/Illuminate/View/View.php(161): Illuminate\\View\\View->renderContents()
#5 /home/azrayaal/Desktop/codes/digikom/be/storage/framework/views/17263f39a344d6d08010919681aa9e06.php(2): Illuminate\\View\\View->render()
#6 /home/azrayaal/Desktop/codes/digikom/be/vendor/laravel/framework/src/Illuminate/Filesystem/Filesystem.php(123): require('...')
#7 /home/azrayaal/Desktop/codes/digikom/be/vendor/laravel/framework/src/Illuminate/Filesystem/Filesystem.php(124): Illuminate\\Filesystem\\Filesystem::Illuminate\\Filesystem\\{closure}()
#8 /home/azrayaal/Desktop/codes/digikom/be/vendor/laravel/framework/src/Illuminate/View/Engines/PhpEngine.php(58): Illuminate\\Filesystem\\Filesystem->getRequire()
#9 /home/azrayaal/Desktop/codes/digikom/be/vendor/laravel/framework/src/Illuminate/View/Engines/CompilerEngine.php(74): Illuminate\\View\\Engines\\PhpEngine->evaluatePath()
#10 /home/azrayaal/Desktop/codes/digikom/be/vendor/laravel/framework/src/Illuminate/View/View.php(209): Illuminate\\View\\Engines\\CompilerEngine->get()
#11 /home/azrayaal/Desktop/codes/digikom/be/vendor/laravel/framework/src/Illuminate/View/View.php(192): Illuminate\\View\\View->getContents()
#12 /home/azrayaal/Desktop/codes/digikom/be/vendor/laravel/framework/src/Illuminate/View/View.php(161): Illuminate\\View\\View->renderContents()
#13 /home/azrayaal/Desktop/codes/digikom/be/vendor/laravel/framework/src/Illuminate/Http/Response.php(70): Illuminate\\View\\View->render()
#14 /home/azrayaal/Desktop/codes/digikom/be/vendor/laravel/framework/src/Illuminate/Http/Response.php(35): Illuminate\\Http\\Response->setContent()
#15 /home/azrayaal/Desktop/codes/digikom/be/vendor/laravel/framework/src/Illuminate/Routing/Router.php(920): Illuminate\\Http\\Response->__construct()
#16 /home/azrayaal/Desktop/codes/digikom/be/vendor/laravel/framework/src/Illuminate/Routing/Router.php(887): Illuminate\\Routing\\Router::toResponse()
#17 /home/azrayaal/Desktop/codes/digikom/be/vendor/laravel/framework/src/Illuminate/Routing/Router.php(807): Illuminate\\Routing\\Router->prepareResponse()
#18 /home/azrayaal/Desktop/codes/digikom/be/vendor/laravel/framework/src/Illuminate/Pipeline/Pipeline.php(144): Illuminate\\Routing\\Router->Illuminate\\Routing\\{closure}()
#19 /home/azrayaal/Desktop/codes/digikom/be/vendor/laravel/framework/src/Illuminate/Routing/Middleware/SubstituteBindings.php(51): Illuminate\\Pipeline\\Pipeline->Illuminate\\Pipeline\\{closure}()
#20 /home/azrayaal/Desktop/codes/digikom/be/vendor/laravel/framework/src/Illuminate/Pipeline/Pipeline.php(183): Illuminate\\Routing\\Middleware\\SubstituteBindings->handle()
#21 /home/azrayaal/Desktop/codes/digikom/be/vendor/laravel/framework/src/Illuminate/Auth/Middleware/Authenticate.php(64): Illuminate\\Pipeline\\Pipeline->Illuminate\\Pipeline\\{closure}()
#22 /home/azrayaal/Desktop/codes/digikom/be/vendor/laravel/framework/src/Illuminate/Pipeline/Pipeline.php(183): Illuminate\\Auth\\Middleware\\Authenticate->handle()
#23 /home/azrayaal/Desktop/codes/digikom/be/vendor/laravel/framework/src/Illuminate/Foundation/Http/Middleware/VerifyCsrfToken.php(88): Illuminate\\Pipeline\\Pipeline->Illuminate\\Pipeline\\{closure}()
#24 /home/azrayaal/Desktop/codes/digikom/be/vendor/laravel/framework/src/Illuminate/Pipeline/Pipeline.php(183): Illuminate\\Foundation\\Http\\Middleware\\VerifyCsrfToken->handle()
#25 /home/azrayaal/Desktop/codes/digikom/be/vendor/laravel/framework/src/Illuminate/View/Middleware/ShareErrorsFromSession.php(49): Illuminate\\Pipeline\\Pipeline->Illuminate\\Pipeline\\{closure}()
#26 /home/azrayaal/Desktop/codes/digikom/be/vendor/laravel/framework/src/Illuminate/Pipeline/Pipeline.php(183): Illuminate\\View\\Middleware\\ShareErrorsFromSession->handle()
#27 /home/azrayaal/Desktop/codes/digikom/be/vendor/laravel/framework/src/Illuminate/Session/Middleware/StartSession.php(121): Illuminate\\Pipeline\\Pipeline->Illuminate\\Pipeline\\{closure}()
#28 /home/azrayaal/Desktop/codes/digikom/be/vendor/laravel/framework/src/Illuminate/Session/Middleware/StartSession.php(64): Illuminate\\Session\\Middleware\\StartSession->handleStatefulRequest()
#29 /home/azrayaal/Desktop/codes/digikom/be/vendor/laravel/framework/src/Illuminate/Pipeline/Pipeline.php(183): Illuminate\\Session\\Middleware\\StartSession->handle()
#30 /home/azrayaal/Desktop/codes/digikom/be/vendor/laravel/framework/src/Illuminate/Cookie/Middleware/AddQueuedCookiesToResponse.php(37): Illuminate\\Pipeline\\Pipeline->Illuminate\\Pipeline\\{closure}()
#31 /home/azrayaal/Desktop/codes/digikom/be/vendor/laravel/framework/src/Illuminate/Pipeline/Pipeline.php(183): Illuminate\\Cookie\\Middleware\\AddQueuedCookiesToResponse->handle()
#32 /home/azrayaal/Desktop/codes/digikom/be/vendor/laravel/framework/src/Illuminate/Cookie/Middleware/EncryptCookies.php(75): Illuminate\\Pipeline\\Pipeline->Illuminate\\Pipeline\\{closure}()
#33 /home/azrayaal/Desktop/codes/digikom/be/vendor/laravel/framework/src/Illuminate/Pipeline/Pipeline.php(183): Illuminate\\Cookie\\Middleware\\EncryptCookies->handle()
#34 /home/azrayaal/Desktop/codes/digikom/be/vendor/laravel/framework/src/Illuminate/Pipeline/Pipeline.php(119): Illuminate\\Pipeline\\Pipeline->Illuminate\\Pipeline\\{closure}()
#35 /home/azrayaal/Desktop/codes/digikom/be/vendor/laravel/framework/src/Illuminate/Routing/Router.php(807): Illuminate\\Pipeline\\Pipeline->then()
#36 /home/azrayaal/Desktop/codes/digikom/be/vendor/laravel/framework/src/Illuminate/Routing/Router.php(786): Illuminate\\Routing\\Router->runRouteWithinStack()
#37 /home/azrayaal/Desktop/codes/digikom/be/vendor/laravel/framework/src/Illuminate/Routing/Router.php(750): Illuminate\\Routing\\Router->runRoute()
#38 /home/azrayaal/Desktop/codes/digikom/be/vendor/laravel/framework/src/Illuminate/Routing/Router.php(739): Illuminate\\Routing\\Router->dispatchToRoute()
#39 /home/azrayaal/Desktop/codes/digikom/be/vendor/laravel/framework/src/Illuminate/Foundation/Http/Kernel.php(201): Illuminate\\Routing\\Router->dispatch()
#40 /home/azrayaal/Desktop/codes/digikom/be/vendor/laravel/framework/src/Illuminate/Pipeline/Pipeline.php(144): Illuminate\\Foundation\\Http\\Kernel->Illuminate\\Foundation\\Http\\{closure}()
#41 /home/azrayaal/Desktop/codes/digikom/be/vendor/laravel/framework/src/Illuminate/Foundation/Http/Middleware/TransformsRequest.php(21): Illuminate\\Pipeline\\Pipeline->Illuminate\\Pipeline\\{closure}()
#42 /home/azrayaal/Desktop/codes/digikom/be/vendor/laravel/framework/src/Illuminate/Foundation/Http/Middleware/ConvertEmptyStringsToNull.php(31): Illuminate\\Foundation\\Http\\Middleware\\TransformsRequest->handle()
#43 /home/azrayaal/Desktop/codes/digikom/be/vendor/laravel/framework/src/Illuminate/Pipeline/Pipeline.php(183): Illuminate\\Foundation\\Http\\Middleware\\ConvertEmptyStringsToNull->handle()
#44 /home/azrayaal/Desktop/codes/digikom/be/vendor/laravel/framework/src/Illuminate/Foundation/Http/Middleware/TransformsRequest.php(21): Illuminate\\Pipeline\\Pipeline->Illuminate\\Pipeline\\{closure}()
#45 /home/azrayaal/Desktop/codes/digikom/be/vendor/laravel/framework/src/Illuminate/Foundation/Http/Middleware/TrimStrings.php(51): Illuminate\\Foundation\\Http\\Middleware\\TransformsRequest->handle()
#46 /home/azrayaal/Desktop/codes/digikom/be/vendor/laravel/framework/src/Illuminate/Pipeline/Pipeline.php(183): Illuminate\\Foundation\\Http\\Middleware\\TrimStrings->handle()
#47 /home/azrayaal/Desktop/codes/digikom/be/vendor/laravel/framework/src/Illuminate/Http/Middleware/ValidatePostSize.php(27): Illuminate\\Pipeline\\Pipeline->Illuminate\\Pipeline\\{closure}()
#48 /home/azrayaal/Desktop/codes/digikom/be/vendor/laravel/framework/src/Illuminate/Pipeline/Pipeline.php(183): Illuminate\\Http\\Middleware\\ValidatePostSize->handle()
#49 /home/azrayaal/Desktop/codes/digikom/be/vendor/laravel/framework/src/Illuminate/Foundation/Http/Middleware/PreventRequestsDuringMaintenance.php(110): Illuminate\\Pipeline\\Pipeline->Illuminate\\Pipeline\\{closure}()
#50 /home/azrayaal/Desktop/codes/digikom/be/vendor/laravel/framework/src/Illuminate/Pipeline/Pipeline.php(183): Illuminate\\Foundation\\Http\\Middleware\\PreventRequestsDuringMaintenance->handle()
#51 /home/azrayaal/Desktop/codes/digikom/be/vendor/laravel/framework/src/Illuminate/Http/Middleware/HandleCors.php(49): Illuminate\\Pipeline\\Pipeline->Illuminate\\Pipeline\\{closure}()
#52 /home/azrayaal/Desktop/codes/digikom/be/vendor/laravel/framework/src/Illuminate/Pipeline/Pipeline.php(183): Illuminate\\Http\\Middleware\\HandleCors->handle()
#53 /home/azrayaal/Desktop/codes/digikom/be/vendor/laravel/framework/src/Illuminate/Http/Middleware/TrustProxies.php(58): Illuminate\\Pipeline\\Pipeline->Illuminate\\Pipeline\\{closure}()
#54 /home/azrayaal/Desktop/codes/digikom/be/vendor/laravel/framework/src/Illuminate/Pipeline/Pipeline.php(183): Illuminate\\Http\\Middleware\\TrustProxies->handle()
#55 /home/azrayaal/Desktop/codes/digikom/be/vendor/laravel/framework/src/Illuminate/Foundation/Http/Middleware/InvokeDeferredCallbacks.php(22): Illuminate\\Pipeline\\Pipeline->Illuminate\\Pipeline\\{closure}()
#56 /home/azrayaal/Desktop/codes/digikom/be/vendor/laravel/framework/src/Illuminate/Pipeline/Pipeline.php(183): Illuminate\\Foundation\\Http\\Middleware\\InvokeDeferredCallbacks->handle()
#57 /home/azrayaal/Desktop/codes/digikom/be/vendor/laravel/framework/src/Illuminate/Pipeline/Pipeline.php(119): Illuminate\\Pipeline\\Pipeline->Illuminate\\Pipeline\\{closure}()
#58 /home/azrayaal/Desktop/codes/digikom/be/vendor/laravel/framework/src/Illuminate/Foundation/Http/Kernel.php(176): Illuminate\\Pipeline\\Pipeline->then()
#59 /home/azrayaal/Desktop/codes/digikom/be/vendor/laravel/framework/src/Illuminate/Foundation/Http/Kernel.php(145): Illuminate\\Foundation\\Http\\Kernel->sendRequestThroughRouter()
#60 /home/azrayaal/Desktop/codes/digikom/be/vendor/laravel/framework/src/Illuminate/Foundation/Application.php(1190): Illuminate\\Foundation\\Http\\Kernel->handle()
#61 /home/azrayaal/Desktop/codes/digikom/be/public/index.php(17): Illuminate\\Foundation\\Application->handleRequest()
#62 /home/azrayaal/Desktop/codes/digikom/be/vendor/laravel/framework/src/Illuminate/Foundation/resources/server.php(23): require_once('...')
#63 {main}

[previous exception] [object] (Symfony\\Component\\Routing\\Exception\\RouteNotFoundException(code: 0): Route [dashboard.index] not defined. at /home/azrayaal/Desktop/codes/digikom/be/vendor/laravel/framework/src/Illuminate/Routing/UrlGenerator.php:516)
[stacktrace]
#0 /home/azrayaal/Desktop/codes/digikom/be/vendor/laravel/framework/src/Illuminate/Foundation/helpers.php(853): Illuminate\\Routing\\UrlGenerator->route()
#1 /home/azrayaal/Desktop/codes/digikom/be/storage/framework/views/60121d6b8ae510f42ef934ddc6b238de.php(6): route()
#2 /home/azrayaal/Desktop/codes/digikom/be/vendor/laravel/framework/src/Illuminate/Filesystem/Filesystem.php(123): require('...')
#3 /home/azrayaal/Desktop/codes/digikom/be/vendor/laravel/framework/src/Illuminate/Filesystem/Filesystem.php(124): Illuminate\\Filesystem\\Filesystem::Illuminate\\Filesystem\\{closure}()
#4 /home/azrayaal/Desktop/codes/digikom/be/vendor/laravel/framework/src/Illuminate/View/Engines/PhpEngine.php(58): Illuminate\\Filesystem\\Filesystem->getRequire()
#5 /home/azrayaal/Desktop/codes/digikom/be/vendor/laravel/framework/src/Illuminate/View/Engines/CompilerEngine.php(74): Illuminate\\View\\Engines\\PhpEngine->evaluatePath()
#6 /home/azrayaal/Desktop/codes/digikom/be/vendor/laravel/framework/src/Illuminate/View/View.php(209): Illuminate\\View\\Engines\\CompilerEngine->get()
#7 /home/azrayaal/Desktop/codes/digikom/be/vendor/laravel/framework/src/Illuminate/View/View.php(192): Illuminate\\View\\View->getContents()
#8 /home/azrayaal/Desktop/codes/digikom/be/vendor/laravel/framework/src/Illuminate/View/View.php(161): Illuminate\\View\\View->renderContents()
#9 /home/azrayaal/Desktop/codes/digikom/be/storage/framework/views/17263f39a344d6d08010919681aa9e06.php(2): Illuminate\\View\\View->render()
#10 /home/azrayaal/Desktop/codes/digikom/be/vendor/laravel/framework/src/Illuminate/Filesystem/Filesystem.php(123): require('...')
#11 /home/azrayaal/Desktop/codes/digikom/be/vendor/laravel/framework/src/Illuminate/Filesystem/Filesystem.php(124): Illuminate\\Filesystem\\Filesystem::Illuminate\\Filesystem\\{closure}()
#12 /home/azrayaal/Desktop/codes/digikom/be/vendor/laravel/framework/src/Illuminate/View/Engines/PhpEngine.php(58): Illuminate\\Filesystem\\Filesystem->getRequire()
#13 /home/azrayaal/Desktop/codes/digikom/be/vendor/laravel/framework/src/Illuminate/View/Engines/CompilerEngine.php(74): Illuminate\\View\\Engines\\PhpEngine->evaluatePath()
#14 /home/azrayaal/Desktop/codes/digikom/be/vendor/laravel/framework/src/Illuminate/View/View.php(209): Illuminate\\View\\Engines\\CompilerEngine->get()
#15 /home/azrayaal/Desktop/codes/digikom/be/vendor/laravel/framework/src/Illuminate/View/View.php(192): Illuminate\\View\\View->getContents()
#16 /home/azrayaal/Desktop/codes/digikom/be/vendor/laravel/framework/src/Illuminate/View/View.php(161): Illuminate\\View\\View->renderContents()
#17 /home/azrayaal/Desktop/codes/digikom/be/vendor/laravel/framework/src/Illuminate/Http/Response.php(70): Illuminate\\View\\View->render()
#18 /home/azrayaal/Desktop/codes/digikom/be/vendor/laravel/framework/src/Illuminate/Http/Response.php(35): Illuminate\\Http\\Response->setContent()
#19 /home/azrayaal/Desktop/codes/digikom/be/vendor/laravel/framework/src/Illuminate/Routing/Router.php(920): Illuminate\\Http\\Response->__construct()
#20 /home/azrayaal/Desktop/codes/digikom/be/vendor/laravel/framework/src/Illuminate/Routing/Router.php(887): Illuminate\\Routing\\Router::toResponse()
#21 /home/azrayaal/Desktop/codes/digikom/be/vendor/laravel/framework/src/Illuminate/Routing/Router.php(807): Illuminate\\Routing\\Router->prepareResponse()
#22 /home/azrayaal/Desktop/codes/digikom/be/vendor/laravel/framework/src/Illuminate/Pipeline/Pipeline.php(144): Illuminate\\Routing\\Router->Illuminate\\Routing\\{closure}()
#23 /home/azrayaal/Desktop/codes/digikom/be/vendor/laravel/framework/src/Illuminate/Routing/Middleware/SubstituteBindings.php(51): Illuminate\\Pipeline\\Pipeline->Illuminate\\Pipeline\\{closure}()
#24 /home/azrayaal/Desktop/codes/digikom/be/vendor/laravel/framework/src/Illuminate/Pipeline/Pipeline.php(183): Illuminate\\Routing\\Middleware\\SubstituteBindings->handle()
#25 /home/azrayaal/Desktop/codes/digikom/be/vendor/laravel/framework/src/Illuminate/Auth/Middleware/Authenticate.php(64): Illuminate\\Pipeline\\Pipeline->Illuminate\\Pipeline\\{closure}()
#26 /home/azrayaal/Desktop/codes/digikom/be/vendor/laravel/framework/src/Illuminate/Pipeline/Pipeline.php(183): Illuminate\\Auth\\Middleware\\Authenticate->handle()
#27 /home/azrayaal/Desktop/codes/digikom/be/vendor/laravel/framework/src/Illuminate/Foundation/Http/Middleware/VerifyCsrfToken.php(88): Illuminate\\Pipeline\\Pipeline->Illuminate\\Pipeline\\{closure}()
#28 /home/azrayaal/Desktop/codes/digikom/be/vendor/laravel/framework/src/Illuminate/Pipeline/Pipeline.php(183): Illuminate\\Foundation\\Http\\Middleware\\VerifyCsrfToken->handle()
#29 /home/azrayaal/Desktop/codes/digikom/be/vendor/laravel/framework/src/Illuminate/View/Middleware/ShareErrorsFromSession.php(49): Illuminate\\Pipeline\\Pipeline->Illuminate\\Pipeline\\{closure}()
#30 /home/azrayaal/Desktop/codes/digikom/be/vendor/laravel/framework/src/Illuminate/Pipeline/Pipeline.php(183): Illuminate\\View\\Middleware\\ShareErrorsFromSession->handle()
#31 /home/azrayaal/Desktop/codes/digikom/be/vendor/laravel/framework/src/Illuminate/Session/Middleware/StartSession.php(121): Illuminate\\Pipeline\\Pipeline->Illuminate\\Pipeline\\{closure}()
#32 /home/azrayaal/Desktop/codes/digikom/be/vendor/laravel/framework/src/Illuminate/Session/Middleware/StartSession.php(64): Illuminate\\Session\\Middleware\\StartSession->handleStatefulRequest()
#33 /home/azrayaal/Desktop/codes/digikom/be/vendor/laravel/framework/src/Illuminate/Pipeline/Pipeline.php(183): Illuminate\\Session\\Middleware\\StartSession->handle()
#34 /home/azrayaal/Desktop/codes/digikom/be/vendor/laravel/framework/src/Illuminate/Cookie/Middleware/AddQueuedCookiesToResponse.php(37): Illuminate\\Pipeline\\Pipeline->Illuminate\\Pipeline\\{closure}()
#35 /home/azrayaal/Desktop/codes/digikom/be/vendor/laravel/framework/src/Illuminate/Pipeline/Pipeline.php(183): Illuminate\\Cookie\\Middleware\\AddQueuedCookiesToResponse->handle()
#36 /home/azrayaal/Desktop/codes/digikom/be/vendor/laravel/framework/src/Illuminate/Cookie/Middleware/EncryptCookies.php(75): Illuminate\\Pipeline\\Pipeline->Illuminate\\Pipeline\\{closure}()
#37 /home/azrayaal/Desktop/codes/digikom/be/vendor/laravel/framework/src/Illuminate/Pipeline/Pipeline.php(183): Illuminate\\Cookie\\Middleware\\EncryptCookies->handle()
#38 /home/azrayaal/Desktop/codes/digikom/be/vendor/laravel/framework/src/Illuminate/Pipeline/Pipeline.php(119): Illuminate\\Pipeline\\Pipeline->Illuminate\\Pipeline\\{closure}()
#39 /home/azrayaal/Desktop/codes/digikom/be/vendor/laravel/framework/src/Illuminate/Routing/Router.php(807): Illuminate\\Pipeline\\Pipeline->then()
#40 /home/azrayaal/Desktop/codes/digikom/be/vendor/laravel/framework/src/Illuminate/Routing/Router.php(786): Illuminate\\Routing\\Router->runRouteWithinStack()
#41 /home/azrayaal/Desktop/codes/digikom/be/vendor/laravel/framework/src/Illuminate/Routing/Router.php(750): Illuminate\\Routing\\Router->runRoute()
#42 /home/azrayaal/Desktop/codes/digikom/be/vendor/laravel/framework/src/Illuminate/Routing/Router.php(739): Illuminate\\Routing\\Router->dispatchToRoute()
#43 /home/azrayaal/Desktop/codes/digikom/be/vendor/laravel/framework/src/Illuminate/Foundation/Http/Kernel.php(201): Illuminate\\Routing\\Router->dispatch()
#44 /home/azrayaal/Desktop/codes/digikom/be/vendor/laravel/framework/src/Illuminate/Pipeline/Pipeline.php(144): Illuminate\\Foundation\\Http\\Kernel->Illuminate\\Foundation\\Http\\{closure}()
#45 /home/azrayaal/Desktop/codes/digikom/be/vendor/laravel/framework/src/Illuminate/Foundation/Http/Middleware/TransformsRequest.php(21): Illuminate\\Pipeline\\Pipeline->Illuminate\\Pipeline\\{closure}()
#46 /home/azrayaal/Desktop/codes/digikom/be/vendor/laravel/framework/src/Illuminate/Foundation/Http/Middleware/ConvertEmptyStringsToNull.php(31): Illuminate\\Foundation\\Http\\Middleware\\TransformsRequest->handle()
#47 /home/azrayaal/Desktop/codes/digikom/be/vendor/laravel/framework/src/Illuminate/Pipeline/Pipeline.php(183): Illuminate\\Foundation\\Http\\Middleware\\ConvertEmptyStringsToNull->handle()
#48 /home/azrayaal/Desktop/codes/digikom/be/vendor/laravel/framework/src/Illuminate/Foundation/Http/Middleware/TransformsRequest.php(21): Illuminate\\Pipeline\\Pipeline->Illuminate\\Pipeline\\{closure}()
#49 /home/azrayaal/Desktop/codes/digikom/be/vendor/laravel/framework/src/Illuminate/Foundation/Http/Middleware/TrimStrings.php(51): Illuminate\\Foundation\\Http\\Middleware\\TransformsRequest->handle()
#50 /home/azrayaal/Desktop/codes/digikom/be/vendor/laravel/framework/src/Illuminate/Pipeline/Pipeline.php(183): Illuminate\\Foundation\\Http\\Middleware\\TrimStrings->handle()
#51 /home/azrayaal/Desktop/codes/digikom/be/vendor/laravel/framework/src/Illuminate/Http/Middleware/ValidatePostSize.php(27): Illuminate\\Pipeline\\Pipeline->Illuminate\\Pipeline\\{closure}()
#52 /home/azrayaal/Desktop/codes/digikom/be/vendor/laravel/framework/src/Illuminate/Pipeline/Pipeline.php(183): Illuminate\\Http\\Middleware\\ValidatePostSize->handle()
#53 /home/azrayaal/Desktop/codes/digikom/be/vendor/laravel/framework/src/Illuminate/Foundation/Http/Middleware/PreventRequestsDuringMaintenance.php(110): Illuminate\\Pipeline\\Pipeline->Illuminate\\Pipeline\\{closure}()
#54 /home/azrayaal/Desktop/codes/digikom/be/vendor/laravel/framework/src/Illuminate/Pipeline/Pipeline.php(183): Illuminate\\Foundation\\Http\\Middleware\\PreventRequestsDuringMaintenance->handle()
#55 /home/azrayaal/Desktop/codes/digikom/be/vendor/laravel/framework/src/Illuminate/Http/Middleware/HandleCors.php(49): Illuminate\\Pipeline\\Pipeline->Illuminate\\Pipeline\\{closure}()
#56 /home/azrayaal/Desktop/codes/digikom/be/vendor/laravel/framework/src/Illuminate/Pipeline/Pipeline.php(183): Illuminate\\Http\\Middleware\\HandleCors->handle()
#57 /home/azrayaal/Desktop/codes/digikom/be/vendor/laravel/framework/src/Illuminate/Http/Middleware/TrustProxies.php(58): Illuminate\\Pipeline\\Pipeline->Illuminate\\Pipeline\\{closure}()
#58 /home/azrayaal/Desktop/codes/digikom/be/vendor/laravel/framework/src/Illuminate/Pipeline/Pipeline.php(183): Illuminate\\Http\\Middleware\\TrustProxies->handle()
#59 /home/azrayaal/Desktop/codes/digikom/be/vendor/laravel/framework/src/Illuminate/Foundation/Http/Middleware/InvokeDeferredCallbacks.php(22): Illuminate\\Pipeline\\Pipeline->Illuminate\\Pipeline\\{closure}()
#60 /home/azrayaal/Desktop/codes/digikom/be/vendor/laravel/framework/src/Illuminate/Pipeline/Pipeline.php(183): Illuminate\\Foundation\\Http\\Middleware\\InvokeDeferredCallbacks->handle()
#61 /home/azrayaal/Desktop/codes/digikom/be/vendor/laravel/framework/src/Illuminate/Pipeline/Pipeline.php(119): Illuminate\\Pipeline\\Pipeline->Illuminate\\Pipeline\\{closure}()
#62 /home/azrayaal/Desktop/codes/digikom/be/vendor/laravel/framework/src/Illuminate/Foundation/Http/Kernel.php(176): Illuminate\\Pipeline\\Pipeline->then()
#63 /home/azrayaal/Desktop/codes/digikom/be/vendor/laravel/framework/src/Illuminate/Foundation/Http/Kernel.php(145): Illuminate\\Foundation\\Http\\Kernel->sendRequestThroughRouter()
#64 /home/azrayaal/Desktop/codes/digikom/be/vendor/laravel/framework/src/Illuminate/Foundation/Application.php(1190): Illuminate\\Foundation\\Http\\Kernel->handle()
#65 /home/azrayaal/Desktop/codes/digikom/be/public/index.php(17): Illuminate\\Foundation\\Application->handleRequest()
#66 /home/azrayaal/Desktop/codes/digikom/be/vendor/laravel/framework/src/Illuminate/Foundation/resources/server.php(23): require_once('...')
#67 {main}
"} 
[2024-12-23 07:11:15] local.DEBUG: Payload untuk API Xendit {"external_id":"VA2024122307111519","bank_code":"BRI","name":"sucipto","is_closed":"true","expected_amount":"100000.00","is_single_use":"true"} 
[2024-12-23 07:11:15] local.INFO: Status respons dari API Xendit {"status_code":200,"response_body":"{\"id\":\"9afa3b3e-e07c-491d-a2cd-47cd558c5a2f\",\"owner_id\":\"604ed836c4c0d02af957e922\",\"external_id\":\"VA2024122307111519\",\"account_number\":\"262159999565452\",\"bank_code\":\"BRI\",\"merchant_code\":\"26215\",\"name\":\"sucipto\",\"is_closed\":true,\"expected_amount\":100000,\"expiration_date\":\"2055-12-23T07:11:16.535Z\",\"is_single_use\":true,\"status\":\"PENDING\",\"currency\":\"IDR\",\"country\":\"ID\"}"} 
[2024-12-23 07:11:15] local.INFO: Transaksi berhasil diproses {"id":"9afa3b3e-e07c-491d-a2cd-47cd558c5a2f","owner_id":"604ed836c4c0d02af957e922","external_id":"VA2024122307111519","account_number":"262159999565452","bank_code":"BRI","merchant_code":"26215","name":"sucipto","is_closed":true,"expected_amount":100000,"expiration_date":"2055-12-23T07:11:16.535Z","is_single_use":true,"status":"PENDING","currency":"IDR","country":"ID"} 
[2024-12-23 07:11:15] local.INFO: Transaksi berhasil disimpan {"user_id":14,"id_transaksi":"VA2024122307111519"} 
[2024-12-23 07:11:37] local.DEBUG: Payload untuk API Xendit {"external_id":"VA2024122307113719","bank_code":"BRI","name":"sucipto","is_closed":"true","expected_amount":"100000.00","is_single_use":"true"} 
[2024-12-23 07:11:38] local.INFO: Status respons dari API Xendit {"status_code":200,"response_body":"{\"id\":\"81e647bd-4901-4a4e-9067-d6da8e127948\",\"owner_id\":\"604ed836c4c0d02af957e922\",\"external_id\":\"VA2024122307113719\",\"account_number\":\"262159999842419\",\"bank_code\":\"BRI\",\"merchant_code\":\"26215\",\"name\":\"sucipto\",\"is_closed\":true,\"expected_amount\":100000,\"expiration_date\":\"2055-12-23T07:11:39.036Z\",\"is_single_use\":true,\"status\":\"PENDING\",\"currency\":\"IDR\",\"country\":\"ID\"}"} 
[2024-12-23 07:11:38] local.INFO: Transaksi berhasil diproses {"id":"81e647bd-4901-4a4e-9067-d6da8e127948","owner_id":"604ed836c4c0d02af957e922","external_id":"VA2024122307113719","account_number":"262159999842419","bank_code":"BRI","merchant_code":"26215","name":"sucipto","is_closed":true,"expected_amount":100000,"expiration_date":"2055-12-23T07:11:39.036Z","is_single_use":true,"status":"PENDING","currency":"IDR","country":"ID"} 
[2024-12-23 07:11:38] local.INFO: Transaksi berhasil disimpan {"user_id":14,"id_transaksi":"VA2024122307113719"} 
[2024-12-23 07:12:11] local.DEBUG: Payload untuk API Xendit {"external_id":"VA2024122307121119","bank_code":"BRI","name":"sucipto","is_closed":"true","expected_amount":"100000.00","is_single_use":"true"} 
[2024-12-23 07:12:12] local.INFO: Status respons dari API Xendit {"status_code":200,"response_body":"{\"id\":\"86348d2a-007a-47d0-9806-5826e446b029\",\"owner_id\":\"604ed836c4c0d02af957e922\",\"external_id\":\"VA2024122307121119\",\"account_number\":\"262159999733819\",\"bank_code\":\"BRI\",\"merchant_code\":\"26215\",\"name\":\"sucipto\",\"is_closed\":true,\"expected_amount\":100000,\"expiration_date\":\"2055-12-23T07:12:12.984Z\",\"is_single_use\":true,\"status\":\"PENDING\",\"currency\":\"IDR\",\"country\":\"ID\"}"} 
[2024-12-23 07:12:12] local.INFO: Transaksi berhasil diproses {"id":"86348d2a-007a-47d0-9806-5826e446b029","owner_id":"604ed836c4c0d02af957e922","external_id":"VA2024122307121119","account_number":"262159999733819","bank_code":"BRI","merchant_code":"26215","name":"sucipto","is_closed":true,"expected_amount":100000,"expiration_date":"2055-12-23T07:12:12.984Z","is_single_use":true,"status":"PENDING","currency":"IDR","country":"ID"} 
[2024-12-23 07:12:12] local.INFO: Transaksi berhasil disimpan {"user_id":14,"id_transaksi":"VA2024122307121119"} 
[2024-12-24 02:13:54] local.DEBUG: Payload untuk API Xendit {"external_id":"VA20241224021354109","bank_code":"MANDIRI","name":"sucipto","is_closed":"true","expected_amount":"100000.00","is_single_use":"true"} 
[2024-12-24 02:13:56] local.INFO: Status respons dari API Xendit {"status_code":200,"response_body":"{\"id\":\"15e96d14-ab6d-48aa-844f-ff3ba139f748\",\"owner_id\":\"604ed836c4c0d02af957e922\",\"external_id\":\"VA20241224021354109\",\"account_number\":\"889089999175431\",\"bank_code\":\"MANDIRI\",\"merchant_code\":\"88908\",\"name\":\"sucipto\",\"is_closed\":true,\"expected_amount\":100000,\"expiration_date\":\"2055-12-24T02:13:57.027Z\",\"is_single_use\":true,\"status\":\"PENDING\",\"currency\":\"IDR\",\"country\":\"ID\"}"} 
[2024-12-24 02:13:56] local.INFO: Transaksi berhasil diproses {"id":"15e96d14-ab6d-48aa-844f-ff3ba139f748","owner_id":"604ed836c4c0d02af957e922","external_id":"VA20241224021354109","account_number":"889089999175431","bank_code":"MANDIRI","merchant_code":"88908","name":"sucipto","is_closed":true,"expected_amount":100000,"expiration_date":"2055-12-24T02:13:57.027Z","is_single_use":true,"status":"PENDING","currency":"IDR","country":"ID"} 
[2024-12-24 02:13:56] local.INFO: Transaksi berhasil disimpan {"user_id":14,"id_transaksi":"VA20241224021354109"} 
[2024-12-24 02:57:00] local.DEBUG: Payload untuk API Xendit {"reference_id":"DGX2024122402570085","currency":"IDR","amount":100000,"checkout_method":"ONE_TIME_PAYMENT","channel_code":"ID_OVO","channel_properties":{"mobile_number":"+6281234567890"},"metadata":{"branch_area":"PLUIT","branch_city":"JAKARTA"}} 
[2024-12-24 02:57:00] local.INFO: Status respons dari API Xendit {"status_code":202,"response_body":"{\"id\":\"ewc_3418be8e-62a5-4740-ab4a-794515e3597c\",\"business_id\":\"604ed836c4c0d02af957e922\",\"reference_id\":\"DGX2024122402570085\",\"status\":\"PENDING\",\"currency\":\"IDR\",\"charge_amount\":100000,\"capture_amount\":100000,\"payer_charged_currency\":null,\"payer_charged_amount\":null,\"refunded_amount\":null,\"checkout_method\":\"ONE_TIME_PAYMENT\",\"channel_code\":\"ID_OVO\",\"channel_properties\":{\"mobile_number\":\"+6281234567890\"},\"actions\":null,\"is_redirect_required\":false,\"callback_url\":\"https://stargoo.web.id/callback_xendit/dev/ewallet.php\",\"created\":\"2024-12-24T02:57:01.397627Z\",\"updated\":\"2024-12-24T02:57:01.397627Z\",\"void_status\":null,\"voided_at\":null,\"capture_now\":true,\"customer_id\":null,\"customer\":null,\"payment_method_id\":null,\"failure_code\":null,\"basket\":null,\"metadata\":{\"branch_area\":\"PLUIT\",\"branch_city\":\"JAKARTA\"},\"shipping_information\":null,\"payment_detail\":{\"fund_source\":null,\"source\":null}}
"} 
[2024-12-24 02:57:00] local.INFO: Transaksi berhasil diproses {"id":"ewc_3418be8e-62a5-4740-ab4a-794515e3597c","business_id":"604ed836c4c0d02af957e922","reference_id":"DGX2024122402570085","status":"PENDING","currency":"IDR","charge_amount":100000,"capture_amount":100000,"payer_charged_currency":null,"payer_charged_amount":null,"refunded_amount":null,"checkout_method":"ONE_TIME_PAYMENT","channel_code":"ID_OVO","channel_properties":{"mobile_number":"+6281234567890"},"actions":null,"is_redirect_required":false,"callback_url":"https://stargoo.web.id/callback_xendit/dev/ewallet.php","created":"2024-12-24T02:57:01.397627Z","updated":"2024-12-24T02:57:01.397627Z","void_status":null,"voided_at":null,"capture_now":true,"customer_id":null,"customer":null,"payment_method_id":null,"failure_code":null,"basket":null,"metadata":{"branch_area":"PLUIT","branch_city":"JAKARTA"},"shipping_information":null,"payment_detail":{"fund_source":null,"source":null}} 
[2024-12-24 02:57:00] local.INFO: Transaksi berhasil disimpan {"user_id":14,"id_transaksi":"DGX2024122402570085"} 
[2024-12-24 03:02:09] local.DEBUG: Payload untuk API Xendit {"reference_id":"DGX2024122403020985","currency":"IDR","amount":100000,"checkout_method":"ONE_TIME_PAYMENT","channel_code":"ID_OVO","channel_properties":{"mobile_number":"+6281234567890"},"metadata":{"branch_area":"PLUIT","branch_city":"JAKARTA"}} 
[2024-12-24 03:02:09] local.INFO: Status respons dari API Xendit {"status_code":202,"response_body":"{\"id\":\"ewc_05cf3a77-5439-450d-8e62-bef7aba50303\",\"business_id\":\"604ed836c4c0d02af957e922\",\"reference_id\":\"DGX2024122403020985\",\"status\":\"PENDING\",\"currency\":\"IDR\",\"charge_amount\":100000,\"capture_amount\":100000,\"payer_charged_currency\":null,\"payer_charged_amount\":null,\"refunded_amount\":null,\"checkout_method\":\"ONE_TIME_PAYMENT\",\"channel_code\":\"ID_OVO\",\"channel_properties\":{\"mobile_number\":\"+6281234567890\"},\"actions\":null,\"is_redirect_required\":false,\"callback_url\":\"https://stargoo.web.id/callback_xendit/dev/ewallet.php\",\"created\":\"2024-12-24T03:02:10.237724Z\",\"updated\":\"2024-12-24T03:02:10.237724Z\",\"void_status\":null,\"voided_at\":null,\"capture_now\":true,\"customer_id\":null,\"customer\":null,\"payment_method_id\":null,\"failure_code\":null,\"basket\":null,\"metadata\":{\"branch_area\":\"PLUIT\",\"branch_city\":\"JAKARTA\"},\"shipping_information\":null,\"payment_detail\":{\"fund_source\":null,\"source\":null}}
"} 
[2024-12-24 03:02:09] local.INFO: Transaksi berhasil diproses {"id":"ewc_05cf3a77-5439-450d-8e62-bef7aba50303","business_id":"604ed836c4c0d02af957e922","reference_id":"DGX2024122403020985","status":"PENDING","currency":"IDR","charge_amount":100000,"capture_amount":100000,"payer_charged_currency":null,"payer_charged_amount":null,"refunded_amount":null,"checkout_method":"ONE_TIME_PAYMENT","channel_code":"ID_OVO","channel_properties":{"mobile_number":"+6281234567890"},"actions":null,"is_redirect_required":false,"callback_url":"https://stargoo.web.id/callback_xendit/dev/ewallet.php","created":"2024-12-24T03:02:10.237724Z","updated":"2024-12-24T03:02:10.237724Z","void_status":null,"voided_at":null,"capture_now":true,"customer_id":null,"customer":null,"payment_method_id":null,"failure_code":null,"basket":null,"metadata":{"branch_area":"PLUIT","branch_city":"JAKARTA"},"shipping_information":null,"payment_detail":{"fund_source":null,"source":null}} 
[2024-12-24 03:02:09] local.INFO: Transaksi berhasil disimpan {"user_id":14,"id_transaksi":"DGX2024122403020985"} 
[2024-12-24 04:31:10] local.DEBUG: Payload untuk API Xendit {"reference_id":"DGX2024122404311085","currency":"IDR","amount":102500,"checkout_method":"ONE_TIME_PAYMENT","channel_code":"ID_OVO","channel_properties":{"mobile_number":"+6281234567890"},"metadata":{"branch_area":"PLUIT","branch_city":"JAKARTA"}} 
[2024-12-24 04:31:11] local.INFO: Status respons dari API Xendit {"status_code":202,"response_body":"{\"id\":\"ewc_be59ac78-9ac2-432d-afe7-e33c1a077f0f\",\"business_id\":\"604ed836c4c0d02af957e922\",\"reference_id\":\"DGX2024122404311085\",\"status\":\"PENDING\",\"currency\":\"IDR\",\"charge_amount\":102500,\"capture_amount\":102500,\"payer_charged_currency\":null,\"payer_charged_amount\":null,\"refunded_amount\":null,\"checkout_method\":\"ONE_TIME_PAYMENT\",\"channel_code\":\"ID_OVO\",\"channel_properties\":{\"mobile_number\":\"+6281234567890\"},\"actions\":null,\"is_redirect_required\":false,\"callback_url\":\"https://stargoo.web.id/callback_xendit/dev/ewallet.php\",\"created\":\"2024-12-24T04:31:11.911993Z\",\"updated\":\"2024-12-24T04:31:11.911993Z\",\"void_status\":null,\"voided_at\":null,\"capture_now\":true,\"customer_id\":null,\"customer\":null,\"payment_method_id\":null,\"failure_code\":null,\"basket\":null,\"metadata\":{\"branch_area\":\"PLUIT\",\"branch_city\":\"JAKARTA\"},\"shipping_information\":null,\"payment_detail\":{\"fund_source\":null,\"source\":null}}
"} 
[2024-12-24 04:31:11] local.INFO: Transaksi berhasil diproses {"id":"ewc_be59ac78-9ac2-432d-afe7-e33c1a077f0f","business_id":"604ed836c4c0d02af957e922","reference_id":"DGX2024122404311085","status":"PENDING","currency":"IDR","charge_amount":102500,"capture_amount":102500,"payer_charged_currency":null,"payer_charged_amount":null,"refunded_amount":null,"checkout_method":"ONE_TIME_PAYMENT","channel_code":"ID_OVO","channel_properties":{"mobile_number":"+6281234567890"},"actions":null,"is_redirect_required":false,"callback_url":"https://stargoo.web.id/callback_xendit/dev/ewallet.php","created":"2024-12-24T04:31:11.911993Z","updated":"2024-12-24T04:31:11.911993Z","void_status":null,"voided_at":null,"capture_now":true,"customer_id":null,"customer":null,"payment_method_id":null,"failure_code":null,"basket":null,"metadata":{"branch_area":"PLUIT","branch_city":"JAKARTA"},"shipping_information":null,"payment_detail":{"fund_source":null,"source":null}} 
[2024-12-24 04:31:11] local.INFO: Transaksi berhasil disimpan {"user_id":14,"id_transaksi":"DGX2024122404311085"} 
[2024-12-24 04:44:47] local.DEBUG: Payload untuk API Xendit {"external_id":"VA20241224044447181","bank_code":"BRI","name":"sucipto","is_closed":"true","expected_amount":102500.0,"is_single_use":"true"} 
[2024-12-24 04:44:48] local.INFO: Status respons dari API Xendit {"status_code":200,"response_body":"{\"id\":\"61db0c12-b3e2-430a-b87f-f9112fa14405\",\"owner_id\":\"604ed836c4c0d02af957e922\",\"external_id\":\"VA20241224044447181\",\"account_number\":\"262159999105706\",\"bank_code\":\"BRI\",\"merchant_code\":\"26215\",\"name\":\"sucipto\",\"is_closed\":true,\"expected_amount\":102500,\"expiration_date\":\"2055-12-24T04:44:48.615Z\",\"is_single_use\":true,\"status\":\"PENDING\",\"currency\":\"IDR\",\"country\":\"ID\"}"} 
[2024-12-24 04:44:48] local.INFO: Transaksi berhasil diproses {"id":"61db0c12-b3e2-430a-b87f-f9112fa14405","owner_id":"604ed836c4c0d02af957e922","external_id":"VA20241224044447181","account_number":"262159999105706","bank_code":"BRI","merchant_code":"26215","name":"sucipto","is_closed":true,"expected_amount":102500,"expiration_date":"2055-12-24T04:44:48.615Z","is_single_use":true,"status":"PENDING","currency":"IDR","country":"ID"} 
[2024-12-24 04:44:48] local.INFO: Transaksi berhasil disimpan {"user_id":14,"id_transaksi":"VA20241224044447181"} 
[2024-12-24 04:45:32] local.DEBUG: Payload untuk API Xendit {"external_id":"VA20241224044532181","bank_code":"BRI","name":"sucipto","is_closed":"true","expected_amount":105000.0,"is_single_use":"true"} 
[2024-12-24 04:45:32] local.INFO: Status respons dari API Xendit {"status_code":200,"response_body":"{\"id\":\"71f036f8-ee55-4b3e-a2aa-fcb42faf7b37\",\"owner_id\":\"604ed836c4c0d02af957e922\",\"external_id\":\"VA20241224044532181\",\"account_number\":\"262159999776473\",\"bank_code\":\"BRI\",\"merchant_code\":\"26215\",\"name\":\"sucipto\",\"is_closed\":true,\"expected_amount\":105000,\"expiration_date\":\"2055-12-24T04:45:33.223Z\",\"is_single_use\":true,\"status\":\"PENDING\",\"currency\":\"IDR\",\"country\":\"ID\"}"} 
[2024-12-24 04:45:32] local.INFO: Transaksi berhasil diproses {"id":"71f036f8-ee55-4b3e-a2aa-fcb42faf7b37","owner_id":"604ed836c4c0d02af957e922","external_id":"VA20241224044532181","account_number":"262159999776473","bank_code":"BRI","merchant_code":"26215","name":"sucipto","is_closed":true,"expected_amount":105000,"expiration_date":"2055-12-24T04:45:33.223Z","is_single_use":true,"status":"PENDING","currency":"IDR","country":"ID"} 
[2024-12-24 04:45:32] local.INFO: Transaksi berhasil disimpan {"user_id":14,"id_transaksi":"VA20241224044532181"} 
[2024-12-24 04:48:16] local.DEBUG: Payload untuk API Xendit {"external_id":"VA20241224044816187","bank_code":"BRI","name":"sucipto","is_closed":"true","expected_amount":102500.0,"is_single_use":"true"} 
[2024-12-24 04:48:17] local.INFO: Status respons dari API Xendit {"status_code":200,"response_body":"{\"id\":\"4f4433b8-df25-4831-8c49-89c4c4900bb5\",\"owner_id\":\"604ed836c4c0d02af957e922\",\"external_id\":\"VA20241224044816187\",\"account_number\":\"262159999131797\",\"bank_code\":\"BRI\",\"merchant_code\":\"26215\",\"name\":\"sucipto\",\"is_closed\":true,\"expected_amount\":102500,\"expiration_date\":\"2055-12-24T04:48:17.876Z\",\"is_single_use\":true,\"status\":\"PENDING\",\"currency\":\"IDR\",\"country\":\"ID\"}"} 
[2024-12-24 04:48:17] local.INFO: Transaksi berhasil diproses {"id":"4f4433b8-df25-4831-8c49-89c4c4900bb5","owner_id":"604ed836c4c0d02af957e922","external_id":"VA20241224044816187","account_number":"262159999131797","bank_code":"BRI","merchant_code":"26215","name":"sucipto","is_closed":true,"expected_amount":102500,"expiration_date":"2055-12-24T04:48:17.876Z","is_single_use":true,"status":"PENDING","currency":"IDR","country":"ID"} 
[2024-12-24 04:48:17] local.INFO: Transaksi berhasil disimpan {"user_id":14,"id_transaksi":"VA20241224044816187"} 
[2024-12-24 04:51:14] local.DEBUG: Payload untuk API Xendit {"external_id":"VA20241224045114182","bank_code":"BRI","name":"sucipto","is_closed":"true","expected_amount":102500.0,"is_single_use":"true"} 
[2024-12-24 04:51:14] local.INFO: Status respons dari API Xendit {"status_code":200,"response_body":"{\"id\":\"709e09df-7bb4-447d-88d1-c741d7547814\",\"owner_id\":\"604ed836c4c0d02af957e922\",\"external_id\":\"VA20241224045114182\",\"account_number\":\"262159999426243\",\"bank_code\":\"BRI\",\"merchant_code\":\"26215\",\"name\":\"sucipto\",\"is_closed\":true,\"expected_amount\":102500,\"expiration_date\":\"2055-12-24T04:51:15.066Z\",\"is_single_use\":true,\"status\":\"PENDING\",\"currency\":\"IDR\",\"country\":\"ID\"}"} 
[2024-12-24 04:51:14] local.INFO: Transaksi berhasil diproses {"id":"709e09df-7bb4-447d-88d1-c741d7547814","owner_id":"604ed836c4c0d02af957e922","external_id":"VA20241224045114182","account_number":"262159999426243","bank_code":"BRI","merchant_code":"26215","name":"sucipto","is_closed":true,"expected_amount":102500,"expiration_date":"2055-12-24T04:51:15.066Z","is_single_use":true,"status":"PENDING","currency":"IDR","country":"ID"} 
[2024-12-24 04:51:14] local.INFO: Transaksi berhasil disimpan {"user_id":14,"id_transaksi":"VA20241224045114182"} 
[2024-12-24 06:02:18] local.DEBUG: Payload untuk API Xendit {"external_id":"VA2024122406021886","bank_code":"BRI","name":"sucipto","is_closed":"true","expected_amount":106500,"is_single_use":"true"} 
[2024-12-24 06:02:19] local.INFO: Status respons dari API Xendit {"status_code":200,"response_body":"{\"id\":\"e778a0b6-f197-4d87-9199-dbee581ce46c\",\"owner_id\":\"604ed836c4c0d02af957e922\",\"external_id\":\"VA2024122406021886\",\"account_number\":\"262159999331456\",\"bank_code\":\"BRI\",\"merchant_code\":\"26215\",\"name\":\"sucipto\",\"is_closed\":true,\"expected_amount\":106500,\"expiration_date\":\"2055-12-24T06:02:19.579Z\",\"is_single_use\":true,\"status\":\"PENDING\",\"currency\":\"IDR\",\"country\":\"ID\"}"} 
[2024-12-24 06:02:19] local.INFO: Transaksi berhasil diproses {"id":"e778a0b6-f197-4d87-9199-dbee581ce46c","owner_id":"604ed836c4c0d02af957e922","external_id":"VA2024122406021886","account_number":"262159999331456","bank_code":"BRI","merchant_code":"26215","name":"sucipto","is_closed":true,"expected_amount":106500,"expiration_date":"2055-12-24T06:02:19.579Z","is_single_use":true,"status":"PENDING","currency":"IDR","country":"ID"} 
[2024-12-24 06:02:19] local.INFO: Transaksi berhasil disimpan {"user_id":14,"id_transaksi":"VA2024122406021886"} 
[2024-12-24 06:05:28] local.DEBUG: Payload untuk API Xendit {"external_id":"VA20241224060528181","bank_code":"MANDIRI","name":"sucipto","is_closed":"true","expected_amount":111500.0,"is_single_use":"true"} 
[2024-12-24 06:05:29] local.INFO: Status respons dari API Xendit {"status_code":200,"response_body":"{\"id\":\"4ad2051e-1422-4d6a-ba69-bde2bd4d3ee0\",\"owner_id\":\"604ed836c4c0d02af957e922\",\"external_id\":\"VA20241224060528181\",\"account_number\":\"889089999574103\",\"bank_code\":\"MANDIRI\",\"merchant_code\":\"88908\",\"name\":\"sucipto\",\"is_closed\":true,\"expected_amount\":111500,\"expiration_date\":\"2055-12-24T06:05:29.587Z\",\"is_single_use\":true,\"status\":\"PENDING\",\"currency\":\"IDR\",\"country\":\"ID\"}"} 
[2024-12-24 06:05:29] local.INFO: Transaksi berhasil diproses {"id":"4ad2051e-1422-4d6a-ba69-bde2bd4d3ee0","owner_id":"604ed836c4c0d02af957e922","external_id":"VA20241224060528181","account_number":"889089999574103","bank_code":"MANDIRI","merchant_code":"88908","name":"sucipto","is_closed":true,"expected_amount":111500,"expiration_date":"2055-12-24T06:05:29.587Z","is_single_use":true,"status":"PENDING","currency":"IDR","country":"ID"} 
[2024-12-24 06:05:29] local.INFO: Transaksi berhasil disimpan {"user_id":14,"id_transaksi":"VA20241224060528181"} 
[2024-12-24 06:09:19] local.DEBUG: Payload untuk API Xendit {"external_id":"VA2024122406091986","bank_code":"BRI","name":"sucipto","is_closed":"true","expected_amount":106500,"is_single_use":"true"} 
[2024-12-24 06:09:19] local.INFO: Status respons dari API Xendit {"status_code":200,"response_body":"{\"id\":\"ab2018fa-986e-462f-bc9a-eee147dd42e5\",\"owner_id\":\"604ed836c4c0d02af957e922\",\"external_id\":\"VA2024122406091986\",\"account_number\":\"262159999247444\",\"bank_code\":\"BRI\",\"merchant_code\":\"26215\",\"name\":\"sucipto\",\"is_closed\":true,\"expected_amount\":106500,\"expiration_date\":\"2055-12-24T06:09:20.169Z\",\"is_single_use\":true,\"status\":\"PENDING\",\"currency\":\"IDR\",\"country\":\"ID\"}"} 
[2024-12-24 06:09:19] local.INFO: Transaksi berhasil diproses {"id":"ab2018fa-986e-462f-bc9a-eee147dd42e5","owner_id":"604ed836c4c0d02af957e922","external_id":"VA2024122406091986","account_number":"262159999247444","bank_code":"BRI","merchant_code":"26215","name":"sucipto","is_closed":true,"expected_amount":106500,"expiration_date":"2055-12-24T06:09:20.169Z","is_single_use":true,"status":"PENDING","currency":"IDR","country":"ID"} 
[2024-12-24 06:09:19] local.INFO: Transaksi berhasil disimpan {"user_id":14,"id_transaksi":"VA2024122406091986"} 
[2024-12-24 11:44:45] local.DEBUG: Payload untuk API Xendit {"external_id":"VA20241224114445181","bank_code":"BRI","name":"sucipto","is_closed":"true","expected_amount":118000.0,"is_single_use":"true"} 
[2024-12-24 11:44:46] local.INFO: Status respons dari API Xendit {"status_code":200,"response_body":"{\"id\":\"eb9dd02d-6360-4d96-b09b-9114b631a54b\",\"owner_id\":\"604ed836c4c0d02af957e922\",\"external_id\":\"VA20241224114445181\",\"account_number\":\"262159999257034\",\"bank_code\":\"BRI\",\"merchant_code\":\"26215\",\"name\":\"sucipto\",\"is_closed\":true,\"expected_amount\":118000,\"expiration_date\":\"2055-12-24T11:44:46.816Z\",\"is_single_use\":true,\"status\":\"PENDING\",\"currency\":\"IDR\",\"country\":\"ID\"}"} 
[2024-12-24 11:44:46] local.INFO: Transaksi berhasil diproses {"id":"eb9dd02d-6360-4d96-b09b-9114b631a54b","owner_id":"604ed836c4c0d02af957e922","external_id":"VA20241224114445181","account_number":"262159999257034","bank_code":"BRI","merchant_code":"26215","name":"sucipto","is_closed":true,"expected_amount":118000,"expiration_date":"2055-12-24T11:44:46.816Z","is_single_use":true,"status":"PENDING","currency":"IDR","country":"ID"} 
[2024-12-24 11:44:46] local.INFO: Transaksi berhasil disimpan {"user_id":14,"id_transaksi":"VA20241224114445181"} 
[2025-03-26 10:07:20] local.DEBUG: Payload untuk API Xendit {"external_id":"VA2025032610072087","bank_code":"BRI","name":"adam suseno","is_closed":"true","expected_amount":106500.0,"is_single_use":"true"} 
[2025-03-26 10:07:21] local.INFO: Status respons dari API Xendit {"status_code":200,"response_body":"{\"id\":\"dc94f0b0-5d0c-4af9-bd0a-847468f52f8a\",\"owner_id\":\"604ed836c4c0d02af957e922\",\"external_id\":\"VA2025032610072087\",\"account_number\":\"262159999818608\",\"bank_code\":\"BRI\",\"merchant_code\":\"26215\",\"name\":\"adam suseno\",\"is_closed\":true,\"expected_amount\":106500,\"expiration_date\":\"2056-03-26T03:07:21.167Z\",\"is_single_use\":true,\"status\":\"PENDING\",\"currency\":\"IDR\",\"country\":\"ID\"}"} 
[2025-03-26 10:07:21] local.INFO: Transaksi berhasil diproses {"id":"dc94f0b0-5d0c-4af9-bd0a-847468f52f8a","owner_id":"604ed836c4c0d02af957e922","external_id":"VA2025032610072087","account_number":"262159999818608","bank_code":"BRI","merchant_code":"26215","name":"adam suseno","is_closed":true,"expected_amount":106500,"expiration_date":"2056-03-26T03:07:21.167Z","is_single_use":true,"status":"PENDING","currency":"IDR","country":"ID"} 
[2025-03-26 10:07:21] local.INFO: Transaksi berhasil disimpan {"user_id":1,"id_transaksi":"VA2025032610072087"} 
[2025-04-09 11:21:43] local.DEBUG: Payload untuk API Xendit {"reference_id":"DGX2025040911214334","currency":"IDR","amount":50000,"checkout_method":"ONE_TIME_PAYMENT","channel_code":"ID_OVO","channel_properties":{"mobile_number":"+6285813673382"},"metadata":{"branch_area":"PLUIT","branch_city":"JAKARTA"}} 
[2025-04-09 11:21:45] local.INFO: Status respons dari API Xendit {"status_code":202,"response_body":"{\"id\":\"ewc_1b86dad5-afb8-41f1-a2e7-d485c2642871\",\"business_id\":\"604ed836c4c0d02af957e922\",\"reference_id\":\"DGX2025040911214334\",\"status\":\"PENDING\",\"currency\":\"IDR\",\"charge_amount\":50000,\"capture_amount\":50000,\"payer_charged_currency\":null,\"payer_charged_amount\":null,\"refunded_amount\":null,\"checkout_method\":\"ONE_TIME_PAYMENT\",\"channel_code\":\"ID_OVO\",\"channel_properties\":{\"mobile_number\":\"+6285813673382\"},\"actions\":null,\"is_redirect_required\":false,\"callback_url\":\"https://stargoo.web.id/callback_xendit/dev/ewallet.php\",\"created\":\"2025-04-09T04:21:45.913009Z\",\"updated\":\"2025-04-09T04:21:45.913009Z\",\"void_status\":null,\"voided_at\":null,\"capture_now\":true,\"customer_id\":null,\"customer\":null,\"payment_method_id\":null,\"failure_code\":null,\"basket\":null,\"metadata\":{\"branch_area\":\"PLUIT\",\"branch_city\":\"JAKARTA\"},\"shipping_information\":null,\"payment_detail\":{\"fund_source\":null,\"source\":null}}
"} 
[2025-04-09 11:21:45] local.INFO: Transaksi berhasil diproses {"id":"ewc_1b86dad5-afb8-41f1-a2e7-d485c2642871","business_id":"604ed836c4c0d02af957e922","reference_id":"DGX2025040911214334","status":"PENDING","currency":"IDR","charge_amount":50000,"capture_amount":50000,"payer_charged_currency":null,"payer_charged_amount":null,"refunded_amount":null,"checkout_method":"ONE_TIME_PAYMENT","channel_code":"ID_OVO","channel_properties":{"mobile_number":"+6285813673382"},"actions":null,"is_redirect_required":false,"callback_url":"https://stargoo.web.id/callback_xendit/dev/ewallet.php","created":"2025-04-09T04:21:45.913009Z","updated":"2025-04-09T04:21:45.913009Z","void_status":null,"voided_at":null,"capture_now":true,"customer_id":null,"customer":null,"payment_method_id":null,"failure_code":null,"basket":null,"metadata":{"branch_area":"PLUIT","branch_city":"JAKARTA"},"shipping_information":null,"payment_detail":{"fund_source":null,"source":null}} 
[2025-04-09 11:23:14] local.DEBUG: Payload untuk API Xendit {"reference_id":"DGX2025040911231434","currency":"IDR","amount":50000,"checkout_method":"ONE_TIME_PAYMENT","channel_code":"ID_OVO","channel_properties":{"mobile_number":"+6285813673382"},"metadata":{"branch_area":"PLUIT","branch_city":"JAKARTA"}} 
[2025-04-09 11:23:14] local.INFO: Status respons dari API Xendit {"status_code":202,"response_body":"{\"id\":\"ewc_3284975d-1eb7-4f01-9d27-6d2c2ee43f9b\",\"business_id\":\"604ed836c4c0d02af957e922\",\"reference_id\":\"DGX2025040911231434\",\"status\":\"PENDING\",\"currency\":\"IDR\",\"charge_amount\":50000,\"capture_amount\":50000,\"payer_charged_currency\":null,\"payer_charged_amount\":null,\"refunded_amount\":null,\"checkout_method\":\"ONE_TIME_PAYMENT\",\"channel_code\":\"ID_OVO\",\"channel_properties\":{\"mobile_number\":\"+6285813673382\"},\"actions\":null,\"is_redirect_required\":false,\"callback_url\":\"https://stargoo.web.id/callback_xendit/dev/ewallet.php\",\"created\":\"2025-04-09T04:23:15.598212Z\",\"updated\":\"2025-04-09T04:23:15.598212Z\",\"void_status\":null,\"voided_at\":null,\"capture_now\":true,\"customer_id\":null,\"customer\":null,\"payment_method_id\":null,\"failure_code\":null,\"basket\":null,\"metadata\":{\"branch_area\":\"PLUIT\",\"branch_city\":\"JAKARTA\"},\"shipping_information\":null,\"payment_detail\":{\"fund_source\":null,\"source\":null}}
"} 
[2025-04-09 11:23:14] local.INFO: Transaksi berhasil diproses {"id":"ewc_3284975d-1eb7-4f01-9d27-6d2c2ee43f9b","business_id":"604ed836c4c0d02af957e922","reference_id":"DGX2025040911231434","status":"PENDING","currency":"IDR","charge_amount":50000,"capture_amount":50000,"payer_charged_currency":null,"payer_charged_amount":null,"refunded_amount":null,"checkout_method":"ONE_TIME_PAYMENT","channel_code":"ID_OVO","channel_properties":{"mobile_number":"+6285813673382"},"actions":null,"is_redirect_required":false,"callback_url":"https://stargoo.web.id/callback_xendit/dev/ewallet.php","created":"2025-04-09T04:23:15.598212Z","updated":"2025-04-09T04:23:15.598212Z","void_status":null,"voided_at":null,"capture_now":true,"customer_id":null,"customer":null,"payment_method_id":null,"failure_code":null,"basket":null,"metadata":{"branch_area":"PLUIT","branch_city":"JAKARTA"},"shipping_information":null,"payment_detail":{"fund_source":null,"source":null}} 
[2025-04-09 11:23:22] local.DEBUG: Payload untuk API Xendit {"reference_id":"DGX2025040911232234","currency":"IDR","amount":50000,"checkout_method":"ONE_TIME_PAYMENT","channel_code":"ID_OVO","channel_properties":{"mobile_number":"+6285813673382"},"metadata":{"branch_area":"PLUIT","branch_city":"JAKARTA"}} 
[2025-04-09 11:23:22] local.INFO: Status respons dari API Xendit {"status_code":202,"response_body":"{\"id\":\"ewc_1eb58720-f6e3-485b-a1ec-ae2df8bd84cb\",\"business_id\":\"604ed836c4c0d02af957e922\",\"reference_id\":\"DGX2025040911232234\",\"status\":\"PENDING\",\"currency\":\"IDR\",\"charge_amount\":50000,\"capture_amount\":50000,\"payer_charged_currency\":null,\"payer_charged_amount\":null,\"refunded_amount\":null,\"checkout_method\":\"ONE_TIME_PAYMENT\",\"channel_code\":\"ID_OVO\",\"channel_properties\":{\"mobile_number\":\"+6285813673382\"},\"actions\":null,\"is_redirect_required\":false,\"callback_url\":\"https://stargoo.web.id/callback_xendit/dev/ewallet.php\",\"created\":\"2025-04-09T04:23:23.545156Z\",\"updated\":\"2025-04-09T04:23:23.545156Z\",\"void_status\":null,\"voided_at\":null,\"capture_now\":true,\"customer_id\":null,\"customer\":null,\"payment_method_id\":null,\"failure_code\":null,\"basket\":null,\"metadata\":{\"branch_area\":\"PLUIT\",\"branch_city\":\"JAKARTA\"},\"shipping_information\":null,\"payment_detail\":{\"fund_source\":null,\"source\":null}}
"} 
[2025-04-09 11:23:22] local.INFO: Transaksi berhasil diproses {"id":"ewc_1eb58720-f6e3-485b-a1ec-ae2df8bd84cb","business_id":"604ed836c4c0d02af957e922","reference_id":"DGX2025040911232234","status":"PENDING","currency":"IDR","charge_amount":50000,"capture_amount":50000,"payer_charged_currency":null,"payer_charged_amount":null,"refunded_amount":null,"checkout_method":"ONE_TIME_PAYMENT","channel_code":"ID_OVO","channel_properties":{"mobile_number":"+6285813673382"},"actions":null,"is_redirect_required":false,"callback_url":"https://stargoo.web.id/callback_xendit/dev/ewallet.php","created":"2025-04-09T04:23:23.545156Z","updated":"2025-04-09T04:23:23.545156Z","void_status":null,"voided_at":null,"capture_now":true,"customer_id":null,"customer":null,"payment_method_id":null,"failure_code":null,"basket":null,"metadata":{"branch_area":"PLUIT","branch_city":"JAKARTA"},"shipping_information":null,"payment_detail":{"fund_source":null,"source":null}} 
[2025-04-09 11:24:13] local.DEBUG: Payload untuk API Xendit {"reference_id":"DGX2025040911241334","currency":"IDR","amount":50000,"checkout_method":"ONE_TIME_PAYMENT","channel_code":"ID_OVO","channel_properties":{"mobile_number":"+6285813673382"},"metadata":{"branch_area":"PLUIT","branch_city":"JAKARTA"}} 
[2025-04-09 11:24:13] local.INFO: Status respons dari API Xendit {"status_code":202,"response_body":"{\"id\":\"ewc_a2fe4533-4ce7-4855-a750-105a4fa8df83\",\"business_id\":\"604ed836c4c0d02af957e922\",\"reference_id\":\"DGX2025040911241334\",\"status\":\"PENDING\",\"currency\":\"IDR\",\"charge_amount\":50000,\"capture_amount\":50000,\"payer_charged_currency\":null,\"payer_charged_amount\":null,\"refunded_amount\":null,\"checkout_method\":\"ONE_TIME_PAYMENT\",\"channel_code\":\"ID_OVO\",\"channel_properties\":{\"mobile_number\":\"+6285813673382\"},\"actions\":null,\"is_redirect_required\":false,\"callback_url\":\"https://stargoo.web.id/callback_xendit/dev/ewallet.php\",\"created\":\"2025-04-09T04:24:14.39141Z\",\"updated\":\"2025-04-09T04:24:14.39141Z\",\"void_status\":null,\"voided_at\":null,\"capture_now\":true,\"customer_id\":null,\"customer\":null,\"payment_method_id\":null,\"failure_code\":null,\"basket\":null,\"metadata\":{\"branch_area\":\"PLUIT\",\"branch_city\":\"JAKARTA\"},\"shipping_information\":null,\"payment_detail\":{\"fund_source\":null,\"source\":null}}
"} 
[2025-04-09 11:24:13] local.INFO: Transaksi berhasil diproses {"id":"ewc_a2fe4533-4ce7-4855-a750-105a4fa8df83","business_id":"604ed836c4c0d02af957e922","reference_id":"DGX2025040911241334","status":"PENDING","currency":"IDR","charge_amount":50000,"capture_amount":50000,"payer_charged_currency":null,"payer_charged_amount":null,"refunded_amount":null,"checkout_method":"ONE_TIME_PAYMENT","channel_code":"ID_OVO","channel_properties":{"mobile_number":"+6285813673382"},"actions":null,"is_redirect_required":false,"callback_url":"https://stargoo.web.id/callback_xendit/dev/ewallet.php","created":"2025-04-09T04:24:14.39141Z","updated":"2025-04-09T04:24:14.39141Z","void_status":null,"voided_at":null,"capture_now":true,"customer_id":null,"customer":null,"payment_method_id":null,"failure_code":null,"basket":null,"metadata":{"branch_area":"PLUIT","branch_city":"JAKARTA"},"shipping_information":null,"payment_detail":{"fund_source":null,"source":null}} 
[2025-04-09 11:28:00] local.DEBUG: Payload untuk API Xendit {"reference_id":"DGX2025040911280034","currency":"IDR","amount":50000,"checkout_method":"ONE_TIME_PAYMENT","channel_code":"ID_OVO","channel_properties":{"mobile_number":"+6285813673382"},"metadata":{"branch_area":"PLUIT","branch_city":"JAKARTA"}} 
[2025-04-09 11:28:01] local.INFO: Status respons dari API Xendit {"status_code":202,"response_body":"{\"id\":\"ewc_5095e144-204c-4a06-b8a7-26aaf7bc9071\",\"business_id\":\"604ed836c4c0d02af957e922\",\"reference_id\":\"DGX2025040911280034\",\"status\":\"PENDING\",\"currency\":\"IDR\",\"charge_amount\":50000,\"capture_amount\":50000,\"payer_charged_currency\":null,\"payer_charged_amount\":null,\"refunded_amount\":null,\"checkout_method\":\"ONE_TIME_PAYMENT\",\"channel_code\":\"ID_OVO\",\"channel_properties\":{\"mobile_number\":\"+6285813673382\"},\"actions\":null,\"is_redirect_required\":false,\"callback_url\":\"https://stargoo.web.id/callback_xendit/dev/ewallet.php\",\"created\":\"2025-04-09T04:28:02.120938Z\",\"updated\":\"2025-04-09T04:28:02.120938Z\",\"void_status\":null,\"voided_at\":null,\"capture_now\":true,\"customer_id\":null,\"customer\":null,\"payment_method_id\":null,\"failure_code\":null,\"basket\":null,\"metadata\":{\"branch_area\":\"PLUIT\",\"branch_city\":\"JAKARTA\"},\"shipping_information\":null,\"payment_detail\":{\"fund_source\":null,\"source\":null}}
"} 
[2025-04-09 11:28:01] local.INFO: Transaksi berhasil diproses {"id":"ewc_5095e144-204c-4a06-b8a7-26aaf7bc9071","business_id":"604ed836c4c0d02af957e922","reference_id":"DGX2025040911280034","status":"PENDING","currency":"IDR","charge_amount":50000,"capture_amount":50000,"payer_charged_currency":null,"payer_charged_amount":null,"refunded_amount":null,"checkout_method":"ONE_TIME_PAYMENT","channel_code":"ID_OVO","channel_properties":{"mobile_number":"+6285813673382"},"actions":null,"is_redirect_required":false,"callback_url":"https://stargoo.web.id/callback_xendit/dev/ewallet.php","created":"2025-04-09T04:28:02.120938Z","updated":"2025-04-09T04:28:02.120938Z","void_status":null,"voided_at":null,"capture_now":true,"customer_id":null,"customer":null,"payment_method_id":null,"failure_code":null,"basket":null,"metadata":{"branch_area":"PLUIT","branch_city":"JAKARTA"},"shipping_information":null,"payment_detail":{"fund_source":null,"source":null}} 
[2025-04-09 11:28:01] local.INFO: Transaksi berhasil disimpan {"user_id":14,"id_transaksi":"DGX2025040911280034"} 
[2025-04-09 13:18:13] local.DEBUG: Payload untuk API Xendit {"reference_id":"DGX2025040913181234","currency":"IDR","amount":50000,"checkout_method":"ONE_TIME_PAYMENT","channel_code":"ID_OVO","channel_properties":{"mobile_number":"+6285813673382"},"metadata":{"branch_area":"PLUIT","branch_city":"JAKARTA"}} 
[2025-04-09 13:18:14] local.INFO: Status respons dari API Xendit {"status_code":202,"response_body":"{\"id\":\"ewc_4a6c60c6-2e48-4d72-8858-e2c6471da7e9\",\"business_id\":\"604ed836c4c0d02af957e922\",\"reference_id\":\"DGX2025040913181234\",\"status\":\"PENDING\",\"currency\":\"IDR\",\"charge_amount\":50000,\"capture_amount\":50000,\"payer_charged_currency\":null,\"payer_charged_amount\":null,\"refunded_amount\":null,\"checkout_method\":\"ONE_TIME_PAYMENT\",\"channel_code\":\"ID_OVO\",\"channel_properties\":{\"mobile_number\":\"+6285813673382\"},\"actions\":null,\"is_redirect_required\":false,\"callback_url\":\"https://stargoo.web.id/callback_xendit/dev/ewallet.php\",\"created\":\"2025-04-09T06:18:15.238645Z\",\"updated\":\"2025-04-09T06:18:15.238645Z\",\"void_status\":null,\"voided_at\":null,\"capture_now\":true,\"customer_id\":null,\"customer\":null,\"payment_method_id\":null,\"failure_code\":null,\"basket\":null,\"metadata\":{\"branch_area\":\"PLUIT\",\"branch_city\":\"JAKARTA\"},\"shipping_information\":null,\"payment_detail\":{\"fund_source\":null,\"source\":null}}
"} 
[2025-04-09 13:18:14] local.INFO: Transaksi berhasil diproses {"id":"ewc_4a6c60c6-2e48-4d72-8858-e2c6471da7e9","business_id":"604ed836c4c0d02af957e922","reference_id":"DGX2025040913181234","status":"PENDING","currency":"IDR","charge_amount":50000,"capture_amount":50000,"payer_charged_currency":null,"payer_charged_amount":null,"refunded_amount":null,"checkout_method":"ONE_TIME_PAYMENT","channel_code":"ID_OVO","channel_properties":{"mobile_number":"+6285813673382"},"actions":null,"is_redirect_required":false,"callback_url":"https://stargoo.web.id/callback_xendit/dev/ewallet.php","created":"2025-04-09T06:18:15.238645Z","updated":"2025-04-09T06:18:15.238645Z","void_status":null,"voided_at":null,"capture_now":true,"customer_id":null,"customer":null,"payment_method_id":null,"failure_code":null,"basket":null,"metadata":{"branch_area":"PLUIT","branch_city":"JAKARTA"},"shipping_information":null,"payment_detail":{"fund_source":null,"source":null}} 
[2025-04-09 13:34:25] local.DEBUG: Payload untuk API Xendit {"reference_id":"DGX2025040913342534","currency":"IDR","amount":50000,"checkout_method":"ONE_TIME_PAYMENT","channel_code":"ID_OVO","channel_properties":{"mobile_number":"+6285813673382"},"metadata":{"branch_area":"PLUIT","branch_city":"JAKARTA"}} 
[2025-04-09 13:34:25] local.INFO: Status respons dari API Xendit {"status_code":202,"response_body":"{\"id\":\"ewc_e2b4d7a0-559e-41d2-b95e-f49b5d34b025\",\"business_id\":\"604ed836c4c0d02af957e922\",\"reference_id\":\"DGX2025040913342534\",\"status\":\"PENDING\",\"currency\":\"IDR\",\"charge_amount\":50000,\"capture_amount\":50000,\"payer_charged_currency\":null,\"payer_charged_amount\":null,\"refunded_amount\":null,\"checkout_method\":\"ONE_TIME_PAYMENT\",\"channel_code\":\"ID_OVO\",\"channel_properties\":{\"mobile_number\":\"+6285813673382\"},\"actions\":null,\"is_redirect_required\":false,\"callback_url\":\"https://stargoo.web.id/callback_xendit/dev/ewallet.php\",\"created\":\"2025-04-09T06:34:26.574896Z\",\"updated\":\"2025-04-09T06:34:26.574896Z\",\"void_status\":null,\"voided_at\":null,\"capture_now\":true,\"customer_id\":null,\"customer\":null,\"payment_method_id\":null,\"failure_code\":null,\"basket\":null,\"metadata\":{\"branch_area\":\"PLUIT\",\"branch_city\":\"JAKARTA\"},\"shipping_information\":null,\"payment_detail\":{\"fund_source\":null,\"source\":null}}
"} 
[2025-04-09 13:34:25] local.INFO: Transaksi berhasil diproses {"id":"ewc_e2b4d7a0-559e-41d2-b95e-f49b5d34b025","business_id":"604ed836c4c0d02af957e922","reference_id":"DGX2025040913342534","status":"PENDING","currency":"IDR","charge_amount":50000,"capture_amount":50000,"payer_charged_currency":null,"payer_charged_amount":null,"refunded_amount":null,"checkout_method":"ONE_TIME_PAYMENT","channel_code":"ID_OVO","channel_properties":{"mobile_number":"+6285813673382"},"actions":null,"is_redirect_required":false,"callback_url":"https://stargoo.web.id/callback_xendit/dev/ewallet.php","created":"2025-04-09T06:34:26.574896Z","updated":"2025-04-09T06:34:26.574896Z","void_status":null,"voided_at":null,"capture_now":true,"customer_id":null,"customer":null,"payment_method_id":null,"failure_code":null,"basket":null,"metadata":{"branch_area":"PLUIT","branch_city":"JAKARTA"},"shipping_information":null,"payment_detail":{"fund_source":null,"source":null}} 
[2025-04-09 13:34:25] local.INFO: Transaksi berhasil disimpan {"user_id":14,"id_transaksi":"DGX2025040913342534"} 
[2025-04-09 13:39:20] local.DEBUG: Payload untuk API Xendit {"reference_id":"DGX2025040913392034","currency":"IDR","amount":50000,"checkout_method":"ONE_TIME_PAYMENT","channel_code":"ID_OVO","channel_properties":{"mobile_number":"+6285813673382"},"metadata":{"branch_area":"PLUIT","branch_city":"JAKARTA"}} 
[2025-04-09 13:39:21] local.INFO: Status respons dari API Xendit {"status_code":202,"response_body":"{\"id\":\"ewc_fd8967ba-f7f1-4fe9-883c-96abf9eb9152\",\"business_id\":\"65694e8b303521a8abfbd7db\",\"reference_id\":\"DGX2025040913392034\",\"status\":\"PENDING\",\"currency\":\"IDR\",\"charge_amount\":50000,\"capture_amount\":50000,\"payer_charged_currency\":null,\"payer_charged_amount\":null,\"refunded_amount\":null,\"checkout_method\":\"ONE_TIME_PAYMENT\",\"channel_code\":\"ID_OVO\",\"channel_properties\":{\"mobile_number\":\"+6285813673382\"},\"actions\":null,\"is_redirect_required\":false,\"callback_url\":\"https://dev.digikom/api/callbackQris\",\"created\":\"2025-04-09T06:39:22.206294Z\",\"updated\":\"2025-04-09T06:39:22.206294Z\",\"void_status\":null,\"voided_at\":null,\"capture_now\":true,\"customer_id\":null,\"customer\":null,\"payment_method_id\":null,\"failure_code\":null,\"basket\":null,\"metadata\":{\"branch_area\":\"PLUIT\",\"branch_city\":\"JAKARTA\"},\"shipping_information\":null,\"payment_detail\":{\"fund_source\":null,\"source\":null}}
"} 
[2025-04-09 13:39:21] local.INFO: Transaksi berhasil diproses {"id":"ewc_fd8967ba-f7f1-4fe9-883c-96abf9eb9152","business_id":"65694e8b303521a8abfbd7db","reference_id":"DGX2025040913392034","status":"PENDING","currency":"IDR","charge_amount":50000,"capture_amount":50000,"payer_charged_currency":null,"payer_charged_amount":null,"refunded_amount":null,"checkout_method":"ONE_TIME_PAYMENT","channel_code":"ID_OVO","channel_properties":{"mobile_number":"+6285813673382"},"actions":null,"is_redirect_required":false,"callback_url":"https://dev.digikom/api/callbackQris","created":"2025-04-09T06:39:22.206294Z","updated":"2025-04-09T06:39:22.206294Z","void_status":null,"voided_at":null,"capture_now":true,"customer_id":null,"customer":null,"payment_method_id":null,"failure_code":null,"basket":null,"metadata":{"branch_area":"PLUIT","branch_city":"JAKARTA"},"shipping_information":null,"payment_detail":{"fund_source":null,"source":null}} 
[2025-04-09 13:39:21] local.INFO: Transaksi berhasil disimpan {"user_id":14,"id_transaksi":"DGX2025040913392034"} 
[2025-04-09 13:48:34] local.DEBUG: Payload untuk API Xendit {"reference_id":"DGX2025040913483434","currency":"IDR","amount":50000,"checkout_method":"ONE_TIME_PAYMENT","channel_code":"ID_OVO","channel_properties":{"mobile_number":"+6285813673382"},"metadata":{"branch_area":"PLUIT","branch_city":"JAKARTA"}} 
[2025-04-09 13:48:35] local.INFO: Status respons dari API Xendit {"status_code":202,"response_body":"{\"id\":\"ewc_017e45fb-2c88-41e3-8f37-5c7f4097a9bc\",\"business_id\":\"65694e8b303521a8abfbd7db\",\"reference_id\":\"DGX2025040913483434\",\"status\":\"PENDING\",\"currency\":\"IDR\",\"charge_amount\":50000,\"capture_amount\":50000,\"payer_charged_currency\":null,\"payer_charged_amount\":null,\"refunded_amount\":null,\"checkout_method\":\"ONE_TIME_PAYMENT\",\"channel_code\":\"ID_OVO\",\"channel_properties\":{\"mobile_number\":\"+6285813673382\"},\"actions\":null,\"is_redirect_required\":false,\"callback_url\":\"https://dev.digikom/api/callbackQris\",\"created\":\"2025-04-09T06:48:35.87976Z\",\"updated\":\"2025-04-09T06:48:35.87976Z\",\"void_status\":null,\"voided_at\":null,\"capture_now\":true,\"customer_id\":null,\"customer\":null,\"payment_method_id\":null,\"failure_code\":null,\"basket\":null,\"metadata\":{\"branch_area\":\"PLUIT\",\"branch_city\":\"JAKARTA\"},\"shipping_information\":null,\"payment_detail\":{\"fund_source\":null,\"source\":null}}
"} 
[2025-04-09 13:48:35] local.INFO: Transaksi berhasil diproses {"id":"ewc_017e45fb-2c88-41e3-8f37-5c7f4097a9bc","business_id":"65694e8b303521a8abfbd7db","reference_id":"DGX2025040913483434","status":"PENDING","currency":"IDR","charge_amount":50000,"capture_amount":50000,"payer_charged_currency":null,"payer_charged_amount":null,"refunded_amount":null,"checkout_method":"ONE_TIME_PAYMENT","channel_code":"ID_OVO","channel_properties":{"mobile_number":"+6285813673382"},"actions":null,"is_redirect_required":false,"callback_url":"https://dev.digikom/api/callbackQris","created":"2025-04-09T06:48:35.87976Z","updated":"2025-04-09T06:48:35.87976Z","void_status":null,"voided_at":null,"capture_now":true,"customer_id":null,"customer":null,"payment_method_id":null,"failure_code":null,"basket":null,"metadata":{"branch_area":"PLUIT","branch_city":"JAKARTA"},"shipping_information":null,"payment_detail":{"fund_source":null,"source":null}} 
[2025-04-09 13:48:35] local.INFO: Transaksi berhasil disimpan {"user_id":14,"id_transaksi":"DGX2025040913483434"} 
[2025-04-09 14:02:36] local.DEBUG: Payload untuk API Xendit {"reference_id":"DGX2025040914023634","currency":"IDR","amount":50000,"checkout_method":"ONE_TIME_PAYMENT","channel_code":"ID_OVO","channel_properties":{"mobile_number":"+6285813673382"},"metadata":{"branch_area":"PLUIT","branch_city":"JAKARTA"}} 
[2025-04-09 14:02:37] local.INFO: Status respons dari API Xendit {"status_code":202,"response_body":"{\"id\":\"ewc_de4c5d74-fe92-4d88-89d4-2de51320c69e\",\"business_id\":\"63479e04b494b973ee2938ae\",\"reference_id\":\"DGX2025040914023634\",\"status\":\"PENDING\",\"currency\":\"IDR\",\"charge_amount\":50000,\"capture_amount\":50000,\"payer_charged_currency\":null,\"payer_charged_amount\":null,\"refunded_amount\":null,\"checkout_method\":\"ONE_TIME_PAYMENT\",\"channel_code\":\"ID_OVO\",\"channel_properties\":{\"mobile_number\":\"+6285813673382\"},\"actions\":null,\"is_redirect_required\":false,\"callback_url\":\"https://dev.digikom.xyz/api/callbackEwallet\",\"created\":\"2025-04-09T07:02:37.908637Z\",\"updated\":\"2025-04-09T07:02:37.908637Z\",\"void_status\":null,\"voided_at\":null,\"capture_now\":true,\"customer_id\":null,\"customer\":null,\"payment_method_id\":null,\"failure_code\":null,\"basket\":null,\"metadata\":{\"branch_area\":\"PLUIT\",\"branch_city\":\"JAKARTA\"},\"shipping_information\":null,\"payment_detail\":{\"fund_source\":null,\"source\":null}}
"} 
[2025-04-09 14:02:37] local.INFO: Transaksi berhasil diproses {"id":"ewc_de4c5d74-fe92-4d88-89d4-2de51320c69e","business_id":"63479e04b494b973ee2938ae","reference_id":"DGX2025040914023634","status":"PENDING","currency":"IDR","charge_amount":50000,"capture_amount":50000,"payer_charged_currency":null,"payer_charged_amount":null,"refunded_amount":null,"checkout_method":"ONE_TIME_PAYMENT","channel_code":"ID_OVO","channel_properties":{"mobile_number":"+6285813673382"},"actions":null,"is_redirect_required":false,"callback_url":"https://dev.digikom.xyz/api/callbackEwallet","created":"2025-04-09T07:02:37.908637Z","updated":"2025-04-09T07:02:37.908637Z","void_status":null,"voided_at":null,"capture_now":true,"customer_id":null,"customer":null,"payment_method_id":null,"failure_code":null,"basket":null,"metadata":{"branch_area":"PLUIT","branch_city":"JAKARTA"},"shipping_information":null,"payment_detail":{"fund_source":null,"source":null}} 
[2025-04-09 14:02:37] local.INFO: Transaksi berhasil disimpan {"user_id":14,"id_transaksi":"DGX2025040914023634"} 
